[debug] [2025-02-19T13:40:16.479Z] ----------------------------------------------------------------------
[debug] [2025-02-19T13:40:16.482Z] Command:       D:\Program Files\nodejs\node.exe C:\Users\Mirnes\AppData\Roaming\npm\node_modules\firebase-tools\lib\bin\firebase.js emulators:start --only functions
[debug] [2025-02-19T13:40:16.482Z] CLI Version:   13.31.1
[debug] [2025-02-19T13:40:16.482Z] Platform:      win32
[debug] [2025-02-19T13:40:16.482Z] Node Version:  v20.12.0
[debug] [2025-02-19T13:40:16.482Z] Time:          Wed Feb 19 2025 14:40:16 GMT+0100 (Central European Standard Time)
[debug] [2025-02-19T13:40:16.483Z] ----------------------------------------------------------------------
[debug] 
[debug] [2025-02-19T13:40:16.750Z] > command requires scopes: ["email","openid","https://www.googleapis.com/auth/cloudplatformprojects.readonly","https://www.googleapis.com/auth/firebase","https://www.googleapis.com/auth/cloud-platform"]
[debug] [2025-02-19T13:40:16.751Z] > authorizing via signed-in user (mirnesbulic32@gmail.com)
[info] i  emulators: Starting emulators: functions {"metadata":{"emulator":{"name":"hub"},"message":"Starting emulators: functions"}}
[debug] [2025-02-19T13:40:16.763Z] [logging] Logging Emulator only supports listening on one address (127.0.0.1). Not listening on ::1
[debug] [2025-02-19T13:40:16.763Z] assigned listening specs for emulators {"user":{"hub":[{"address":"127.0.0.1","family":"IPv4","port":4400},{"address":"::1","family":"IPv6","port":4400}],"ui":[{"address":"127.0.0.1","family":"IPv4","port":4000},{"address":"::1","family":"IPv6","port":4000}],"logging":[{"address":"127.0.0.1","family":"IPv4","port":4500}]},"metadata":{"message":"assigned listening specs for emulators"}}
[debug] [2025-02-19T13:40:16.772Z] [hub] writing locator at C:\Users\Mirnes\AppData\Local\Temp\hub-clone-d979a.json
[debug] [2025-02-19T13:40:16.800Z] [functions] Functions Emulator only supports listening on one address (127.0.0.1). Not listening on ::1
[debug] [2025-02-19T13:40:16.800Z] [eventarc] Eventarc Emulator only supports listening on one address (127.0.0.1). Not listening on ::1
[debug] [2025-02-19T13:40:16.800Z] [tasks] Cloud Tasks Emulator only supports listening on one address (127.0.0.1). Not listening on ::1
[debug] [2025-02-19T13:40:16.800Z] late-assigned ports for functions and eventarc emulators {"user":{"hub":[{"address":"127.0.0.1","family":"IPv4","port":4400},{"address":"::1","family":"IPv6","port":4400}],"ui":[{"address":"127.0.0.1","family":"IPv4","port":4000},{"address":"::1","family":"IPv6","port":4000}],"logging":[{"address":"127.0.0.1","family":"IPv4","port":4500}],"functions":[{"address":"127.0.0.1","family":"IPv4","port":5001}],"eventarc":[{"address":"127.0.0.1","family":"IPv4","port":9299}],"tasks":[{"address":"127.0.0.1","family":"IPv4","port":9499}]},"metadata":{"message":"late-assigned ports for functions and eventarc emulators"}}
[warn] !  functions: The following emulators are not running, calls to these services from the Functions emulator will affect production: apphosting, auth, firestore, database, hosting, pubsub, storage, dataconnect {"metadata":{"emulator":{"name":"functions"},"message":"The following emulators are not running, calls to these services from the Functions emulator will affect production: \u001b[1mapphosting, auth, firestore, database, hosting, pubsub, storage, dataconnect\u001b[22m"}}
[debug] [2025-02-19T13:40:16.805Z] defaultcredentials: writing to file C:\Users\Mirnes\AppData\Roaming\firebase\mirnesbulic32_gmail_com_application_default_credentials.json
[debug] [2025-02-19T13:40:16.809Z] Setting GAC to C:\Users\Mirnes\AppData\Roaming\firebase\mirnesbulic32_gmail_com_application_default_credentials.json {"metadata":{"emulator":{"name":"functions"},"message":"Setting GAC to C:\\Users\\Mirnes\\AppData\\Roaming\\firebase\\mirnesbulic32_gmail_com_application_default_credentials.json"}}
[debug] [2025-02-19T13:40:16.811Z] Checked if tokens are valid: false, expires at: 1739971002468
[debug] [2025-02-19T13:40:16.811Z] Checked if tokens are valid: false, expires at: 1739971002468
[debug] [2025-02-19T13:40:16.811Z] > refreshing access token with scopes: []
[debug] [2025-02-19T13:40:16.813Z] >>> [apiv2][query] POST https://www.googleapis.com/oauth2/v3/token [none]
[debug] [2025-02-19T13:40:16.813Z] >>> [apiv2][body] POST https://www.googleapis.com/oauth2/v3/token [omitted]
[debug] [2025-02-19T13:40:17.024Z] <<< [apiv2][status] POST https://www.googleapis.com/oauth2/v3/token 200
[debug] [2025-02-19T13:40:17.024Z] <<< [apiv2][body] POST https://www.googleapis.com/oauth2/v3/token [omitted]
[debug] [2025-02-19T13:40:17.048Z] >>> [apiv2][query] GET https://firebase.googleapis.com/v1beta1/projects/clone-d979a/adminSdkConfig [none]
[debug] [2025-02-19T13:40:17.427Z] <<< [apiv2][status] GET https://firebase.googleapis.com/v1beta1/projects/clone-d979a/adminSdkConfig 200
[debug] [2025-02-19T13:40:17.427Z] <<< [apiv2][body] GET https://firebase.googleapis.com/v1beta1/projects/clone-d979a/adminSdkConfig {"projectId":"clone-d979a","storageBucket":"clone-d979a.firebasestorage.app"}
[info] i  functions: Watching "E:\reactprojekat\Amazon Clone\amazon-clone\functions" for Cloud Functions... {"metadata":{"emulator":{"name":"functions"},"message":"Watching \"E:\\reactprojekat\\Amazon Clone\\amazon-clone\\functions\" for Cloud Functions..."}}
[debug] [2025-02-19T13:40:17.485Z] Validating nodejs source
[warn] !  functions: package.json indicates an outdated version of firebase-functions. Please upgrade using npm install --save firebase-functions@latest in your functions directory. 
[debug] [2025-02-19T13:40:19.065Z] > [functions] package.json contents: {
  "name": "functions",
  "description": "Cloud Functions for Firebase",
  "scripts": {
    "lint": "eslint .",
    "serve": "firebase emulators:start --only functions",
    "shell": "firebase functions:shell",
    "start": "npm run shell",
    "deploy": "firebase deploy --only functions",
    "logs": "firebase functions:log"
  },
  "engines": {
    "node": "18"
  },
  "main": "index.js",
  "dependencies": {
    "dotenv": "^16.4.7",
    "firebase-admin": "^12.6.0",
    "firebase-functions": "^6.3.1"
  },
  "devDependencies": {
    "eslint": "^8.15.0",
    "eslint-config-google": "^0.14.0",
    "firebase-functions-test": "^3.1.0"
  },
  "private": true
}
[debug] [2025-02-19T13:40:19.065Z] Building nodejs source
[debug] [2025-02-19T13:40:19.065Z] Failed to find version of module node: reached end of search path E:\reactprojekat\Amazon Clone\amazon-clone\functions\node_modules
[warn] !  functions: Your requested "node" version "18" doesn't match your global version "20". Using node@20 from host. 
[info] i  functions: Loaded environment variables from .env. 
[debug] [2025-02-19T13:40:19.069Z] Could not find functions.yaml. Must use http discovery
[debug] [2025-02-19T13:40:19.075Z] Found firebase-functions binary at 'E:\reactprojekat\Amazon Clone\amazon-clone\functions\node_modules\.bin\firebase-functions'
[info] Serving at port 8067

[debug] [2025-02-19T13:40:19.833Z] Got response from /__/functions.yaml {"endpoints":{"api":{"availableMemoryMb":null,"timeoutSeconds":null,"minInstances":null,"maxInstances":null,"ingressSettings":null,"concurrency":null,"serviceAccountEmail":null,"vpc":null,"platform":"gcfv2","labels":{},"httpsTrigger":{},"entryPoint":"api"}},"specVersion":"v1alpha1","requiredAPIs":[],"extensions":{}}
[info] +  functions: Loaded functions definitions from source: api. {"metadata":{"emulator":{"name":"functions"},"message":"Loaded functions definitions from source: api."}}
[info] +  functions[us-central1-api]: http function initialized (http://127.0.0.1:5001/clone-d979a/us-central1/api). {"metadata":{"emulator":{"name":"functions"},"message":"\u001b[1mhttp\u001b[22m function initialized (http://127.0.0.1:5001/clone-d979a/us-central1/api)."}}
[debug] [2025-02-19T13:40:24.878Z] Could not find VSCode notification endpoint: FetchError: request to http://localhost:40001/vscode/notify failed, reason: . If you are not running the Firebase Data Connect VSCode extension, this is expected and not an issue.
[info] 
┌─────────────────────────────────────────────────────────────┐
│ ✔  All emulators ready! It is now safe to connect your app. │
│ i  View Emulator UI at http://127.0.0.1:4000/               │
└─────────────────────────────────────────────────────────────┘

┌───────────┬────────────────┬─────────────────────────────────┐
│ Emulator  │ Host:Port      │ View in Emulator UI             │
├───────────┼────────────────┼─────────────────────────────────┤
│ Functions │ 127.0.0.1:5001 │ http://127.0.0.1:4000/functions │
└───────────┴────────────────┴─────────────────────────────────┘
  Emulator Hub running at 127.0.0.1:4400
  Other reserved ports: 4500

Issues? Report them at https://github.com/firebase/firebase-tools/issues and attach the *-debug.log files.
 
[debug] [2025-02-19T13:40:49.375Z] [work-queue] {"queuedWork":["/clone-d979a/us-central1/api-2025-02-19T13:40:49.375Z"],"queueLength":1,"runningWork":[],"workRunningCount":0}
[debug] [2025-02-19T13:40:49.376Z] [work-queue] {"queuedWork":[],"queueLength":0,"runningWork":["/clone-d979a/us-central1/api-2025-02-19T13:40:49.375Z"],"workRunningCount":1}
[debug] [2025-02-19T13:40:49.377Z] Accepted request GET /clone-d979a/us-central1/api --> us-central1-api
[debug] [2025-02-19T13:40:49.380Z] [functions] Runtime ready! Sending request! {"metadata":{"emulator":{"name":"functions"},"message":"[functions] Runtime ready! Sending request!"}}
[debug] [2025-02-19T13:40:49.382Z] [functions] Got req.url=/clone-d979a/us-central1/api, mapping to path=/ {"metadata":{"emulator":{"name":"functions"},"message":"[functions] Got req.url=/clone-d979a/us-central1/api, mapping to path=/"}}
[info] i  functions: Loaded environment variables from .env. 
[debug] [2025-02-19T13:40:49.394Z] [worker-pool] addWorker(us-central1-api) {"metadata":{"emulator":{"name":"functions"},"message":"[worker-pool] addWorker(us-central1-api)"}}
[debug] [2025-02-19T13:40:49.395Z] [worker-pool] Adding worker with key us-central1-api, total=1 {"metadata":{"emulator":{"name":"functions"},"message":"[worker-pool] Adding worker with key us-central1-api, total=1"}}
[debug] [2025-02-19T13:40:51.037Z] [runtime-status] [18584] Resolved module firebase-admin {"declared":true,"installed":true,"version":"12.7.0","resolution":"E:\\reactprojekat\\Amazon Clone\\amazon-clone\\functions\\node_modules\\firebase-admin\\lib\\index.js"} {"metadata":{"emulator":{"name":"functions"},"function":{"name":"us-central1-api"},"extension":{},"message":"[runtime-status] [18584] Resolved module firebase-admin {\"declared\":true,\"installed\":true,\"version\":\"12.7.0\",\"resolution\":\"E:\\\\reactprojekat\\\\Amazon Clone\\\\amazon-clone\\\\functions\\\\node_modules\\\\firebase-admin\\\\lib\\\\index.js\"}"}}
[debug] [2025-02-19T13:40:51.039Z] [runtime-status] [18584] Resolved module firebase-functions {"declared":true,"installed":true,"version":"6.3.1","resolution":"E:\\reactprojekat\\Amazon Clone\\amazon-clone\\functions\\node_modules\\firebase-functions\\lib\\v2\\index.js"} {"metadata":{"emulator":{"name":"functions"},"function":{"name":"us-central1-api"},"extension":{},"message":"[runtime-status] [18584] Resolved module firebase-functions {\"declared\":true,\"installed\":true,\"version\":\"6.3.1\",\"resolution\":\"E:\\\\reactprojekat\\\\Amazon Clone\\\\amazon-clone\\\\functions\\\\node_modules\\\\firebase-functions\\\\lib\\\\v2\\\\index.js\"}"}}
[debug] [2025-02-19T13:40:51.040Z] [runtime-status] [18584] Outgoing network have been stubbed. [{"name":"http","status":"mocked"},{"name":"http","status":"mocked"},{"name":"https","status":"mocked"},{"name":"https","status":"mocked"},{"name":"net","status":"mocked"}] {"metadata":{"emulator":{"name":"functions"},"function":{"name":"us-central1-api"},"extension":{},"message":"[runtime-status] [18584] Outgoing network have been stubbed. [{\"name\":\"http\",\"status\":\"mocked\"},{\"name\":\"http\",\"status\":\"mocked\"},{\"name\":\"https\",\"status\":\"mocked\"},{\"name\":\"https\",\"status\":\"mocked\"},{\"name\":\"net\",\"status\":\"mocked\"}]"}}
[debug] [2025-02-19T13:40:51.043Z] [runtime-status] [18584] Resolved module firebase-functions {"declared":true,"installed":true,"version":"6.3.1","resolution":"E:\\reactprojekat\\Amazon Clone\\amazon-clone\\functions\\node_modules\\firebase-functions\\lib\\v2\\index.js"} {"metadata":{"emulator":{"name":"functions"},"function":{"name":"us-central1-api"},"extension":{},"message":"[runtime-status] [18584] Resolved module firebase-functions {\"declared\":true,\"installed\":true,\"version\":\"6.3.1\",\"resolution\":\"E:\\\\reactprojekat\\\\Amazon Clone\\\\amazon-clone\\\\functions\\\\node_modules\\\\firebase-functions\\\\lib\\\\v2\\\\index.js\"}"}}
[debug] [2025-02-19T13:40:51.365Z] [runtime-status] [18584] Checked functions.config() {"config":{}} {"metadata":{"emulator":{"name":"functions"},"function":{"name":"us-central1-api"},"extension":{},"message":"[runtime-status] [18584] Checked functions.config() {\"config\":{}}"}}
[debug] [2025-02-19T13:40:51.365Z] [runtime-status] [18584] firebase-functions has been stubbed. {"functionsResolution":{"declared":true,"installed":true,"version":"6.3.1","resolution":"E:\\reactprojekat\\Amazon Clone\\amazon-clone\\functions\\node_modules\\firebase-functions\\lib\\v2\\index.js"}} {"metadata":{"emulator":{"name":"functions"},"function":{"name":"us-central1-api"},"extension":{},"message":"[runtime-status] [18584] firebase-functions has been stubbed. {\"functionsResolution\":{\"declared\":true,\"installed\":true,\"version\":\"6.3.1\",\"resolution\":\"E:\\\\reactprojekat\\\\Amazon Clone\\\\amazon-clone\\\\functions\\\\node_modules\\\\firebase-functions\\\\lib\\\\v2\\\\index.js\"}}"}}
[debug] [2025-02-19T13:40:51.366Z] [runtime-status] [18584] Resolved module firebase-functions {"declared":true,"installed":true,"version":"6.3.1","resolution":"E:\\reactprojekat\\Amazon Clone\\amazon-clone\\functions\\node_modules\\firebase-functions\\lib\\v2\\index.js"} {"metadata":{"emulator":{"name":"functions"},"function":{"name":"us-central1-api"},"extension":{},"message":"[runtime-status] [18584] Resolved module firebase-functions {\"declared\":true,\"installed\":true,\"version\":\"6.3.1\",\"resolution\":\"E:\\\\reactprojekat\\\\Amazon Clone\\\\amazon-clone\\\\functions\\\\node_modules\\\\firebase-functions\\\\lib\\\\v2\\\\index.js\"}"}}
[debug] [2025-02-19T13:40:51.473Z] [runtime-status] [18584] Resolved module firebase-admin {"declared":true,"installed":true,"version":"12.7.0","resolution":"E:\\reactprojekat\\Amazon Clone\\amazon-clone\\functions\\node_modules\\firebase-admin\\lib\\index.js"} {"metadata":{"emulator":{"name":"functions"},"function":{"name":"us-central1-api"},"extension":{},"message":"[runtime-status] [18584] Resolved module firebase-admin {\"declared\":true,\"installed\":true,\"version\":\"12.7.0\",\"resolution\":\"E:\\\\reactprojekat\\\\Amazon Clone\\\\amazon-clone\\\\functions\\\\node_modules\\\\firebase-admin\\\\lib\\\\index.js\"}"}}
[debug] [2025-02-19T13:40:51.560Z] [runtime-status] [18584] Resolved module firebase-functions {"declared":true,"installed":true,"version":"6.3.1","resolution":"E:\\reactprojekat\\Amazon Clone\\amazon-clone\\functions\\node_modules\\firebase-functions\\lib\\v2\\index.js"} {"metadata":{"emulator":{"name":"functions"},"function":{"name":"us-central1-api"},"extension":{},"message":"[runtime-status] [18584] Resolved module firebase-functions {\"declared\":true,\"installed\":true,\"version\":\"6.3.1\",\"resolution\":\"E:\\\\reactprojekat\\\\Amazon Clone\\\\amazon-clone\\\\functions\\\\node_modules\\\\firebase-functions\\\\lib\\\\v2\\\\index.js\"}"}}
[debug] [2025-02-19T13:40:51.560Z] [runtime-status] [18584] firebase-admin has been stubbed. {"adminResolution":{"declared":true,"installed":true,"version":"12.7.0","resolution":"E:\\reactprojekat\\Amazon Clone\\amazon-clone\\functions\\node_modules\\firebase-admin\\lib\\index.js"}} {"metadata":{"emulator":{"name":"functions"},"function":{"name":"us-central1-api"},"extension":{},"message":"[runtime-status] [18584] firebase-admin has been stubbed. {\"adminResolution\":{\"declared\":true,\"installed\":true,\"version\":\"12.7.0\",\"resolution\":\"E:\\\\reactprojekat\\\\Amazon Clone\\\\amazon-clone\\\\functions\\\\node_modules\\\\firebase-admin\\\\lib\\\\index.js\"}}"}}
[debug] [2025-02-19T13:40:51.798Z] [runtime-status] [18584] Functions runtime initialized. {"cwd":"E:\\reactprojekat\\Amazon Clone\\amazon-clone\\functions","node_version":"20.12.0"} {"metadata":{"emulator":{"name":"functions"},"function":{"name":"us-central1-api"},"extension":{},"message":"[runtime-status] [18584] Functions runtime initialized. {\"cwd\":\"E:\\\\reactprojekat\\\\Amazon Clone\\\\amazon-clone\\\\functions\",\"node_version\":\"20.12.0\"}"}}
[debug] [2025-02-19T13:40:51.799Z] [runtime-status] [18584] Listening to port: \\?\pipe\fire_emu_811f3781b368ed4e {"metadata":{"emulator":{"name":"functions"},"function":{"name":"us-central1-api"},"extension":{},"message":"[runtime-status] [18584] Listening to port: \\\\?\\pipe\\fire_emu_811f3781b368ed4e"}}
[debug] [2025-02-19T13:40:51.806Z] [worker-us-central1-api-8076192c-b31d-4bb7-997c-d7439abf4f32]: IDLE {"metadata":{"emulator":{"name":"functions"},"function":{"name":"us-central1-api"},"extension":{},"message":"[worker-us-central1-api-8076192c-b31d-4bb7-997c-d7439abf4f32]: IDLE"}}
[debug] [2025-02-19T13:40:51.807Z] [worker-pool] submitRequest(triggerId=us-central1-api) {"metadata":{"emulator":{"name":"functions"},"message":"[worker-pool] submitRequest(triggerId=us-central1-api)"}}
[info] i  functions: Beginning execution of "us-central1-api" {"metadata":{"emulator":{"name":"functions"},"function":{"name":"us-central1-api"},"extension":{},"message":"Beginning execution of \"us-central1-api\""}}
[debug] [2025-02-19T13:40:51.808Z] [worker-us-central1-api-8076192c-b31d-4bb7-997c-d7439abf4f32]: BUSY {"metadata":{"emulator":{"name":"functions"},"function":{"name":"us-central1-api"},"extension":{},"message":"[worker-us-central1-api-8076192c-b31d-4bb7-997c-d7439abf4f32]: BUSY"}}
[debug] [2025-02-19T13:40:51.817Z] Finishing up request with event=pause {"metadata":{"emulator":{"name":"functions"},"function":{"name":"us-central1-api"},"extension":{},"message":"Finishing up request with event=pause"}}
[info] i  functions: Finished "us-central1-api" in 9.4906ms {"metadata":{"emulator":{"name":"functions"},"function":{"name":"us-central1-api"},"extension":{},"message":"Finished \"us-central1-api\" in 9.4906ms"}}
[debug] [2025-02-19T13:40:51.818Z] [worker-us-central1-api-8076192c-b31d-4bb7-997c-d7439abf4f32]: IDLE {"metadata":{"emulator":{"name":"functions"},"function":{"name":"us-central1-api"},"extension":{},"message":"[worker-us-central1-api-8076192c-b31d-4bb7-997c-d7439abf4f32]: IDLE"}}
[debug] [2025-02-19T13:40:51.819Z] Finishing up request with event=finish {"metadata":{"emulator":{"name":"functions"},"function":{"name":"us-central1-api"},"extension":{},"message":"Finishing up request with event=finish"}}
[debug] [2025-02-19T13:40:51.819Z] Finishing up request with event=close {"metadata":{"emulator":{"name":"functions"},"function":{"name":"us-central1-api"},"extension":{},"message":"Finishing up request with event=close"}}
[debug] [2025-02-19T13:40:51.819Z] [work-queue] {"queuedWork":[],"queueLength":0,"runningWork":[],"workRunningCount":0}
[debug] [2025-02-19T13:40:51.880Z] Functions emulator received unknown request at path /favicon.ico
[debug] [2025-02-19T13:42:36.145Z] File E:\reactprojekat\Amazon Clone\amazon-clone\functions\index.js changed, reloading triggers {"metadata":{"emulator":{"name":"functions"},"message":"File E:\\reactprojekat\\Amazon Clone\\amazon-clone\\functions\\index.js changed, reloading triggers"}}
